<?xml version="1.0" encoding="UTF-8"?>
<testsuite xmlns:xsi="http://www.w3.org/2001/XMLSchema-instance" xsi:noNamespaceSchemaLocation="https://maven.apache.org/surefire/maven-surefire-plugin/xsd/surefire-test-report-3.0.xsd" version="3.0" name="tqs.project.controller.CarControllerTest" time="15.959" tests="1" errors="0" skipped="0" failures="0">
  <properties>
[...]
</properties>
  <testcase name="testCreateCarInvalid" classname="tqs.project.controller.CarControllerTest" time="1.878">
    <system-out><![CDATA[15:52:58.234 [main] INFO org.springframework.test.context.support.AnnotationConfigContextLoaderUtils -- Could not detect default configuration classes for test class [tqs.project.controller.CarControllerTest]: CarControllerTest does not declare any static, non-private, non-final, nested classes annotated with @Configuration.
15:52:59.286 [main] INFO org.springframework.boot.test.context.SpringBootTestContextBootstrapper -- Found @SpringBootConfiguration tqs.project.NikEvApplication for test class tqs.project.controller.CarControllerTest
15:52:59.856 [main] INFO org.springframework.boot.devtools.restart.RestartApplicationListener -- Restart disabled due to context in which it is running

  .   ____          _            __ _ _
 /\\ / ___'_ __ _ _(_)_ __  __ _ \ \ \ \
( ( )\___ | '_ | '_| | '_ \/ _` | \ \ \ \
 \\/  ___)| |_)| | | | | || (_| |  ) ) ) )
  '  |____| .__|_| |_|_| |_\__, | / / / /
 =========|_|==============|___/=/_/_/_/

 :: Spring Boot ::                (v3.4.5)

2025-05-23T15:53:01.882+01:00  INFO 1459 --- [project] [           main] t.project.controller.CarControllerTest   : Starting CarControllerTest using Java 21.0.7 with PID 1459 (started by bruhlin in /mnt/c/users/João Morais/Desktop/TQS/TQS_PROJECT/projX)
2025-05-23T15:53:01.886+01:00  INFO 1459 --- [project] [           main] t.project.controller.CarControllerTest   : No active profile set, falling back to 1 default profile: "default"
2025-05-23T15:53:01.965+01:00 DEBUG 1459 --- [project] [           main] o.s.w.c.s.GenericWebApplicationContext   : Refreshing org.springframework.web.context.support.GenericWebApplicationContext@236c098
2025-05-23T15:53:10.084+01:00 DEBUG 1459 --- [project] [           main] s.w.s.m.m.a.RequestMappingHandlerMapping : 5 mappings in 'requestMappingHandlerMapping'
2025-05-23T15:53:10.719+01:00 DEBUG 1459 --- [project] [           main] o.s.w.s.handler.SimpleUrlHandlerMapping  : Patterns [/webjars/**, /**] in 'resourceHandlerMapping'
2025-05-23T15:53:10.901+01:00 DEBUG 1459 --- [project] [           main] s.w.s.m.m.a.RequestMappingHandlerAdapter : ControllerAdvice beans: 0 @ModelAttribute, 0 @InitBinder, 1 RequestBodyAdvice, 1 ResponseBodyAdvice
2025-05-23T15:53:11.214+01:00 DEBUG 1459 --- [project] [           main] .m.m.a.ExceptionHandlerExceptionResolver : ControllerAdvice beans: 1 @ExceptionHandler, 1 ResponseBodyAdvice
2025-05-23T15:53:11.374+01:00  INFO 1459 --- [project] [           main] o.s.b.t.m.w.SpringBootMockServletContext : Initializing Spring TestDispatcherServlet ''
2025-05-23T15:53:11.375+01:00  INFO 1459 --- [project] [           main] o.s.t.web.servlet.TestDispatcherServlet  : Initializing Servlet ''
2025-05-23T15:53:11.380+01:00  INFO 1459 --- [project] [           main] o.s.t.web.servlet.TestDispatcherServlet  : Completed initialization in 4 ms
2025-05-23T15:53:11.451+01:00  INFO 1459 --- [project] [           main] t.project.controller.CarControllerTest   : Started CarControllerTest in 11.68 seconds (process running for 16.47)
2025-05-23T15:53:12.095+01:00 DEBUG 1459 --- [project] [           main] s.w.s.m.m.a.RequestMappingHandlerMapping : Mapped to tqs.project.controller.CarController#createCar(CarDTO)
2025-05-23T15:53:12.326+01:00 DEBUG 1459 --- [project] [           main] m.m.a.RequestResponseBodyMethodProcessor : Read "application/json;charset=UTF-8" to [tqs.project.dto.CarDTO@494f74cd]
2025-05-23T15:53:12.777+01:00 DEBUG 1459 --- [project] [           main] .m.m.a.ExceptionHandlerExceptionResolver : Using @ExceptionHandler tqs.project.exception.GlobalExceptionHandler#handleValidationErrors(MethodArgumentNotValidException)
2025-05-23T15:53:12.819+01:00 DEBUG 1459 --- [project] [           main] o.s.w.s.m.m.a.HttpEntityMethodProcessor  : Using 'application/json', given [*/*] and supported [application/json, application/*+json, application/yaml]
2025-05-23T15:53:12.820+01:00 DEBUG 1459 --- [project] [           main] o.s.w.s.m.m.a.HttpEntityMethodProcessor  : Writing [{errors={model=O modelo é obrigatório., brand=A marca é obrigatória.}, timestamp=2025-05-23T15:53:12 (truncated)...]
2025-05-23T15:53:12.885+01:00 DEBUG 1459 --- [project] [           main] .m.m.a.ExceptionHandlerExceptionResolver : Resolved [org.springframework.web.bind.MethodArgumentNotValidException: Validation failed for argument [0] in public tqs.project.model.Car tqs.project.controller.CarController.createCar(tqs.project.dto.CarDTO) with 2 errors: [Field error in object 'carDTO' on field 'model': rejected value []; codes [NotBlank.carDTO.model,NotBlank.model,NotBlank.java.lang.String,NotBlank]; arguments [org.springframework.context.support.DefaultMessageSourceResolvable: codes [carDTO.model,model]; arguments []; default message [model]]; default message [O modelo é obrigatório.]] [Field error in object 'carDTO' on field 'brand': rejected value []; codes [NotBlank.carDTO.brand,NotBlank.brand,NotBlank.java.lang.String,NotBlank]; arguments [org.springframework.context.support.DefaultMessageSourceResolvable: codes [carDTO.brand,brand]; arguments []; default message [brand]]; default message [A marca é obrigatória.]] ]
]]></system-out>
    <system-err><![CDATA[Mockito is currently self-attaching to enable the inline-mock-maker. This will no longer work in future releases of the JDK. Please add Mockito as an agent to your build what is described in Mockito's documentation: https://javadoc.io/doc/org.mockito/mockito-core/latest/org/mockito/Mockito.html#0.3
WARNING: A Java agent has been loaded dynamically (/home/bruhlin/.m2/repository/net/bytebuddy/byte-buddy-agent/1.15.11/byte-buddy-agent-1.15.11.jar)
WARNING: If a serviceability tool is in use, please run with -XX:+EnableDynamicAgentLoading to hide this warning
WARNING: If a serviceability tool is not in use, please run with -Djdk.instrument.traceUsage for more information
WARNING: Dynamic loading of agents will be disallowed by default in a future release
]]></system-err>
  </testcase>
</testsuite>